Arguments: 
  /home/joshhunt/n/bin/node /home/joshhunt/.cache/node/corepack/yarn/1.22.19/bin/yarn.js init

PATH: 
  /home/joshhunt/google-cloud-sdk/bin:/home/joshhunt/.cargo/bin:/usr/local/go/bin:/home/joshhunt/.local/bin:/home/joshhunt/go/bin:/mnt/c/Users/josh/AppData/Local/Programs/Microsoft VS Code/bin:/home/joshhunt/.fly/bin:/usr/local/sbin:/usr/local/bin:/usr/sbin:/usr/bin:/sbin:/bin:/usr/games:/usr/local/games:/usr/lib/wsl/lib:/snap/bin:/home/joshhunt/n/bin

Yarn version: 
  1.22.19

Node version: 
  18.17.1

Platform: 
  linux x64

Trace: 
  Error: canceled
      at Interface.<anonymous> (/home/joshhunt/.cache/node/corepack/yarn/1.22.19/lib/cli.js:137150:13)
      at Interface.emit (node:events:514:28)
      at [_ttyWrite] [as _ttyWrite] (node:internal/readline/interface:1131:18)
      at ReadStream.onkeypress (node:internal/readline/interface:270:20)
      at ReadStream.emit (node:events:514:28)
      at emitKeys (node:internal/readline/utils:357:14)
      at emitKeys.next (<anonymous>)
      at ReadStream.onData (node:internal/readline/emitKeypressEvents:64:36)
      at ReadStream.emit (node:events:514:28)
      at addChunk (node:internal/streams/readable:324:12)

npm manifest: 
  No manifest

yarn manifest: 
  No manifest

Lockfile: 
  No lockfile
